0 info it worked if it ends with ok
1 verbose cli [ '/home/sam/Documents/node/bin/node',
1 verbose cli   '/home/sam/Documents/node/bin/npm',
1 verbose cli   'install',
1 verbose cli   'slc' ]
2 info using npm@3.10.10
3 info using node@v6.11.2
4 silly loadCurrentTree Starting
5 silly install loadCurrentTree
6 silly install readLocalPackageData
7 silly fetchPackageMetaData slc
8 silly fetchNamedPackageData slc
9 silly mapToRegistry name slc
10 silly mapToRegistry using default registry
11 silly mapToRegistry registry https://registry.npmjs.org/
12 silly mapToRegistry data Result {
12 silly mapToRegistry   raw: 'slc',
12 silly mapToRegistry   scope: null,
12 silly mapToRegistry   escapedName: 'slc',
12 silly mapToRegistry   name: 'slc',
12 silly mapToRegistry   rawSpec: '',
12 silly mapToRegistry   spec: 'latest',
12 silly mapToRegistry   type: 'tag' }
13 silly mapToRegistry uri https://registry.npmjs.org/slc
14 verbose request uri https://registry.npmjs.org/slc
15 verbose request no auth needed
16 info attempt registry request try #1 at 7:40:22 PM
17 verbose request id 60454af8fd53d864
18 http request GET https://registry.npmjs.org/slc
19 http 200 https://registry.npmjs.org/slc
20 verbose headers { server: 'nginx/1.10.1',
20 verbose headers   'content-type': 'application/json',
20 verbose headers   'last-modified': 'Thu, 10 Nov 2016 00:28:58 GMT',
20 verbose headers   etag: 'W/"5823bf4a-1d6"',
20 verbose headers   'content-encoding': 'gzip',
20 verbose headers   'cache-control': 'max-age=300',
20 verbose headers   'content-length': '254',
20 verbose headers   'accept-ranges': 'bytes',
20 verbose headers   date: 'Thu, 09 Nov 2017 17:40:22 GMT',
20 verbose headers   via: '1.1 varnish',
20 verbose headers   age: '0',
20 verbose headers   connection: 'keep-alive',
20 verbose headers   'x-served-by': 'cache-hhn1537-HHN',
20 verbose headers   'x-cache': 'MISS',
20 verbose headers   'x-cache-hits': '0',
20 verbose headers   'x-timer': 'S1510249223.677981,VS0,VE98',
20 verbose headers   vary: 'Accept-Encoding, Accept' }
21 silly get cb [ 200,
21 silly get   { server: 'nginx/1.10.1',
21 silly get     'content-type': 'application/json',
21 silly get     'last-modified': 'Thu, 10 Nov 2016 00:28:58 GMT',
21 silly get     etag: 'W/"5823bf4a-1d6"',
21 silly get     'content-encoding': 'gzip',
21 silly get     'cache-control': 'max-age=300',
21 silly get     'content-length': '254',
21 silly get     'accept-ranges': 'bytes',
21 silly get     date: 'Thu, 09 Nov 2017 17:40:22 GMT',
21 silly get     via: '1.1 varnish',
21 silly get     age: '0',
21 silly get     connection: 'keep-alive',
21 silly get     'x-served-by': 'cache-hhn1537-HHN',
21 silly get     'x-cache': 'MISS',
21 silly get     'x-cache-hits': '0',
21 silly get     'x-timer': 'S1510249223.677981,VS0,VE98',
21 silly get     vary: 'Accept-Encoding, Accept' } ]
22 verbose get saving slc to /home/sam/.npm/registry.npmjs.org/slc/.cache.json
23 verbose correctMkdir /home/sam/.npm correctMkdir not in flight; initializing
24 verbose stack TypeError: Cannot convert undefined or null to object
24 verbose stack     at pickVersionFromRegistryDocument (/home/sam/Documents/node/lib/node_modules/npm/lib/fetch-package-metadata.js:125:29)
24 verbose stack     at /home/sam/Documents/node/lib/node_modules/npm/node_modules/iferr/index.js:13:50
24 verbose stack     at /home/sam/Documents/node/lib/node_modules/npm/lib/utils/pulse-till-done.js:20:8
24 verbose stack     at saved (/home/sam/Documents/node/lib/node_modules/npm/lib/cache/caching-client.js:174:7)
24 verbose stack     at /home/sam/Documents/node/lib/node_modules/npm/node_modules/graceful-fs/polyfills.js:241:18
24 verbose stack     at FSReqWrap.oncomplete (fs.js:123:15)
25 verbose cwd /home/sam/Documents/notify/database
26 error Linux 4.10.0-38-generic
27 error argv "/home/sam/Documents/node/bin/node" "/home/sam/Documents/node/bin/npm" "install" "slc"
28 error node v6.11.2
29 error npm  v3.10.10
30 error Cannot convert undefined or null to object
31 error If you need help, you may report this error at:
31 error     <https://github.com/npm/npm/issues>
32 verbose exit [ 1, true ]
